time="2026-07-16T20:34:27.526153354Z" level=info msg="Starting up"
time="2026-07-16T20:34:27.528077955Z" level=info msg="containerd not running, starting managed containerd"
time="2026-07-16T20:34:27.532643914Z" level=info msg="started new containerd process" address=/var/run/docker/containerd/containerd.sock module=libcontainerd pid=87
time="2026-07-16T20:34:30.029656061Z" level=info msg="starting containerd" revision=dea7da592f5d1d2b7755e3a161be07f43fad8f75 version=2.2.1-1
time="2026-07-16T20:34:30.061108689Z" level=warning msg="Configuration migrated from version 2, use `containerd config migrate` to avoid migration" t="4.748µs"
time="2026-07-16T20:34:30.061162159Z" level=info msg="loading plugin" id=io.containerd.image-verifier.v1.bindir type=io.containerd.image-verifier.v1
time="2026-07-16T20:34:30.061186695Z" level=info msg="loading plugin" id=io.containerd.internal.v1.opt type=io.containerd.internal.v1
time="2026-07-16T20:34:30.062418114Z" level=info msg="loading plugin" id=io.containerd.warning.v1.deprecations type=io.containerd.warning.v1
time="2026-07-16T20:34:30.062447649Z" level=info msg="loading plugin" id=io.containerd.content.v1.content type=io.containerd.content.v1
time="2026-07-16T20:34:30.062486511Z" level=info msg="loading plugin" id=io.containerd.mount-handler.v1.erofs type=io.containerd.mount-handler.v1
time="2026-07-16T20:34:30.062501670Z" level=info msg="loading plugin" id=io.containerd.snapshotter.v1.blockfile type=io.containerd.snapshotter.v1
time="2026-07-16T20:34:30.063611771Z" level=info msg="skip loading plugin" error="no scratch file generator: skip plugin" id=io.containerd.snapshotter.v1.blockfile type=io.containerd.snapshotter.v1
time="2026-07-16T20:34:30.063629744Z" level=info msg="loading plugin" id=io.containerd.snapshotter.v1.btrfs type=io.containerd.snapshotter.v1
time="2026-07-16T20:34:30.063834066Z" level=info msg="skip loading plugin" error="path /var/lib/docker/containerd/daemon/io.containerd.snapshotter.v1.btrfs (ext4) must be a btrfs filesystem to be used with the btrfs snapshotter: skip plugin" id=io.containerd.snapshotter.v1.btrfs type=io.containerd.snapshotter.v1
time="2026-07-16T20:34:30.063845667Z" level=info msg="loading plugin" id=io.containerd.snapshotter.v1.devmapper type=io.containerd.snapshotter.v1
time="2026-07-16T20:34:30.063855265Z" level=info msg="skip loading plugin" error="devmapper not configured: skip plugin" id=io.containerd.snapshotter.v1.devmapper type=io.containerd.snapshotter.v1
time="2026-07-16T20:34:30.063861958Z" level=info msg="loading plugin" id=io.containerd.snapshotter.v1.erofs type=io.containerd.snapshotter.v1
time="2026-07-16T20:34:30.065607064Z" level=info msg="skip loading plugin" error="EROFS unsupported, please `modprobe erofs`: skip plugin" id=io.containerd.snapshotter.v1.erofs type=io.containerd.snapshotter.v1
time="2026-07-16T20:34:30.065623174Z" level=info msg="loading plugin" id=io.containerd.snapshotter.v1.native type=io.containerd.snapshotter.v1
time="2026-07-16T20:34:30.068466058Z" level=info msg="loading plugin" id=io.containerd.snapshotter.v1.overlayfs type=io.containerd.snapshotter.v1
time="2026-07-16T20:34:30.069648654Z" level=info msg="loading plugin" id=io.containerd.snapshotter.v1.zfs type=io.containerd.snapshotter.v1
time="2026-07-16T20:34:30.069716511Z" level=info msg="skip loading plugin" error="lstat /var/lib/docker/containerd/daemon/io.containerd.snapshotter.v1.zfs: no such file or directory: skip plugin" id=io.containerd.snapshotter.v1.zfs type=io.containerd.snapshotter.v1
time="2026-07-16T20:34:30.069732821Z" level=info msg="loading plugin" id=io.containerd.event.v1.exchange type=io.containerd.event.v1
time="2026-07-16T20:34:30.072805463Z" level=info msg="loading plugin" id=io.containerd.monitor.task.v1.cgroups type=io.containerd.monitor.task.v1
time="2026-07-16T20:34:30.073149475Z" level=info msg="loading plugin" id=io.containerd.metadata.v1.bolt type=io.containerd.metadata.v1
time="2026-07-16T20:34:30.073187236Z" level=info msg="metadata content store policy set" policy=shared
time="2026-07-16T20:34:30.082382070Z" level=info msg="loading plugin" id=io.containerd.gc.v1.scheduler type=io.containerd.gc.v1
time="2026-07-16T20:34:30.082442633Z" level=info msg="loading plugin" id=io.containerd.nri.v1.nri type=io.containerd.nri.v1
time="2026-07-16T20:34:30.082471928Z" level=info msg="built-in NRI default validator is disabled"
time="2026-07-16T20:34:30.082478109Z" level=info msg="runtime interface created"
time="2026-07-16T20:34:30.082482688Z" level=info msg="created NRI interface"
time="2026-07-16T20:34:30.082497205Z" level=info msg="loading plugin" id=io.containerd.differ.v1.erofs type=io.containerd.differ.v1
time="2026-07-16T20:34:30.088657548Z" level=info msg="skip loading plugin" error="failed to check mkfs.erofs availability: failed to run mkfs.erofs --help: exec: \"mkfs.erofs\": executable file not found in $PATH: skip plugin" id=io.containerd.differ.v1.erofs type=io.containerd.differ.v1
time="2026-07-16T20:34:30.088681373Z" level=info msg="loading plugin" id=io.containerd.differ.v1.walking type=io.containerd.differ.v1
time="2026-07-16T20:34:30.088696060Z" level=info msg="loading plugin" id=io.containerd.lease.v1.manager type=io.containerd.lease.v1
time="2026-07-16T20:34:30.088706940Z" level=info msg="loading plugin" id=io.containerd.mount-manager.v1.bolt type=io.containerd.mount-manager.v1
time="2026-07-16T20:34:30.090180930Z" level=info msg="loading plugin" id=io.containerd.service.v1.containers-service type=io.containerd.service.v1
time="2026-07-16T20:34:30.090301576Z" level=info msg="loading plugin" id=io.containerd.service.v1.content-service type=io.containerd.service.v1
time="2026-07-16T20:34:30.090335709Z" level=info msg="loading plugin" id=io.containerd.service.v1.diff-service type=io.containerd.service.v1
time="2026-07-16T20:34:30.090359644Z" level=info msg="loading plugin" id=io.containerd.service.v1.images-service type=io.containerd.service.v1
time="2026-07-16T20:34:30.090370714Z" level=info msg="loading plugin" id=io.containerd.service.v1.introspection-service type=io.containerd.service.v1
time="2026-07-16T20:34:30.090385622Z" level=info msg="loading plugin" id=io.containerd.service.v1.namespaces-service type=io.containerd.service.v1
time="2026-07-16T20:34:30.090401352Z" level=info msg="loading plugin" id=io.containerd.service.v1.snapshots-service type=io.containerd.service.v1
time="2026-07-16T20:34:30.090415428Z" level=info msg="loading plugin" id=io.containerd.shim.v1.manager type=io.containerd.shim.v1
time="2026-07-16T20:34:30.090430055Z" level=info msg="loading plugin" id=io.containerd.runtime.v2.task type=io.containerd.runtime.v2
time="2026-07-16T20:34:30.090505656Z" level=info msg="loading plugin" id=io.containerd.service.v1.tasks-service type=io.containerd.service.v1
time="2026-07-16T20:34:30.090525102Z" level=info msg="loading plugin" id=io.containerd.grpc.v1.containers type=io.containerd.grpc.v1
time="2026-07-16T20:34:30.090563173Z" level=info msg="loading plugin" id=io.containerd.grpc.v1.content type=io.containerd.grpc.v1
time="2026-07-16T20:34:30.090577210Z" level=info msg="loading plugin" id=io.containerd.grpc.v1.diff type=io.containerd.grpc.v1
time="2026-07-16T20:34:30.090586287Z" level=info msg="loading plugin" id=io.containerd.grpc.v1.events type=io.containerd.grpc.v1
time="2026-07-16T20:34:30.090594452Z" level=info msg="loading plugin" id=io.containerd.grpc.v1.images type=io.containerd.grpc.v1
time="2026-07-16T20:34:30.090603679Z" level=info msg="loading plugin" id=io.containerd.grpc.v1.introspection type=io.containerd.grpc.v1
time="2026-07-16T20:34:30.090611684Z" level=info msg="loading plugin" id=io.containerd.grpc.v1.leases type=io.containerd.grpc.v1
time="2026-07-16T20:34:30.090620560Z" level=info msg="loading plugin" id=io.containerd.grpc.v1.mounts type=io.containerd.grpc.v1
time="2026-07-16T20:34:30.090628375Z" level=info msg="loading plugin" id=io.containerd.grpc.v1.namespaces type=io.containerd.grpc.v1
time="2026-07-16T20:34:30.090638444Z" level=info msg="loading plugin" id=io.containerd.sandbox.store.v1.local type=io.containerd.sandbox.store.v1
time="2026-07-16T20:34:30.090658762Z" level=info msg="loading plugin" id=io.containerd.transfer.v1.local type=io.containerd.transfer.v1
time="2026-07-16T20:34:30.090718904Z" level=info msg="loading plugin" id=io.containerd.cri.v1.images type=io.containerd.cri.v1
time="2026-07-16T20:34:30.090768316Z" level=info msg="Get image filesystem path \"/var/lib/docker/containerd/daemon/io.containerd.snapshotter.v1.overlayfs\" for snapshotter \"overlayfs\""
time="2026-07-16T20:34:30.090777794Z" level=info msg="Start snapshots syncer"
time="2026-07-16T20:34:30.091015836Z" level=info msg="loading plugin" id=io.containerd.cri.v1.runtime type=io.containerd.cri.v1
time="2026-07-16T20:34:30.091439096Z" level=info msg="starting cri plugin" config="{\"containerd\":{\"defaultRuntimeName\":\"runc\",\"runtimes\":{\"runc\":{\"runtimeType\":\"io.containerd.runc.v2\",\"runtimePath\":\"\",\"PodAnnotations\":null,\"ContainerAnnotations\":null,\"options\":{\"BinaryName\":\"\",\"CriuImagePath\":\"\",\"CriuWorkPath\":\"\",\"IoGid\":0,\"IoUid\":0,\"NoNewKeyring\":false,\"Root\":\"\",\"ShimCgroup\":\"\",\"SystemdCgroup\":false},\"privileged_without_host_devices\":false,\"privileged_without_host_devices_all_devices_allowed\":false,\"cgroupWritable\":false,\"baseRuntimeSpec\":\"\",\"cniConfDir\":\"\",\"cniMaxConfNum\":0,\"snapshotter\":\"\",\"sandboxer\":\"podsandbox\",\"io_type\":\"\"}},\"ignoreBlockIONotEnabledErrors\":false,\"ignoreRdtNotEnabledErrors\":false},\"cni\":{\"binDir\":\"\",\"binDirs\":[\"/opt/cni/bin\"],\"confDir\":\"/etc/cni/net.d\",\"maxConfNum\":1,\"setupSerially\":false,\"confTemplate\":\"\",\"ipPref\":\"\",\"useInternalLoopback\":false},\"enableSelinux\":false,\"selinuxCategoryRange\":1024,\"maxContainerLogLineSize\":16384,\"disableApparmor\":false,\"restrictOOMScoreAdj\":false,\"disableProcMount\":false,\"unsetSeccompProfile\":\"\",\"tolerateMissingHugetlbController\":true,\"disableHugetlbController\":true,\"device_ownership_from_security_context\":false,\"ignoreImageDefinedVolumes\":false,\"netnsMountsUnderStateDir\":false,\"enableUnprivilegedPorts\":true,\"enableUnprivilegedICMP\":true,\"enableCDI\":true,\"cdiSpecDirs\":[\"/etc/cdi\",\"/var/run/cdi\"],\"drainExecSyncIOTimeout\":\"0s\",\"ignoreDeprecationWarnings\":null,\"containerdRootDir\":\"/var/lib/docker/containerd/daemon\",\"containerdEndpoint\":\"/var/run/docker/containerd/containerd.sock\",\"rootDir\":\"/var/lib/docker/containerd/daemon/io.containerd.grpc.v1.cri\",\"stateDir\":\"/var/run/docker/containerd/daemon/io.containerd.grpc.v1.cri\"}"
time="2026-07-16T20:34:30.091485272Z" level=info msg="loading plugin" id=io.containerd.podsandbox.controller.v1.podsandbox type=io.containerd.podsandbox.controller.v1
time="2026-07-16T20:34:30.091522271Z" level=info msg="loading plugin" id=io.containerd.sandbox.controller.v1.shim type=io.containerd.sandbox.controller.v1
time="2026-07-16T20:34:30.093128900Z" level=info msg="loading plugin" id=io.containerd.grpc.v1.sandbox-controllers type=io.containerd.grpc.v1
time="2026-07-16T20:34:30.093162042Z" level=info msg="loading plugin" id=io.containerd.grpc.v1.sandboxes type=io.containerd.grpc.v1
time="2026-07-16T20:34:30.093177060Z" level=info msg="loading plugin" id=io.containerd.grpc.v1.snapshots type=io.containerd.grpc.v1
time="2026-07-16T20:34:30.093191267Z" level=info msg="loading plugin" id=io.containerd.streaming.v1.manager type=io.containerd.streaming.v1
time="2026-07-16T20:34:30.093205073Z" level=info msg="loading plugin" id=io.containerd.grpc.v1.streaming type=io.containerd.grpc.v1
time="2026-07-16T20:34:30.093219449Z" level=info msg="loading plugin" id=io.containerd.grpc.v1.tasks type=io.containerd.grpc.v1
time="2026-07-16T20:34:30.093234247Z" level=info msg="loading plugin" id=io.containerd.grpc.v1.transfer type=io.containerd.grpc.v1
time="2026-07-16T20:34:30.093420504Z" level=info msg="loading plugin" id=io.containerd.grpc.v1.version type=io.containerd.grpc.v1
time="2026-07-16T20:34:30.093436464Z" level=info msg="loading plugin" id=io.containerd.monitor.container.v1.restart type=io.containerd.monitor.container.v1
time="2026-07-16T20:34:30.093482029Z" level=info msg="loading plugin" id=io.containerd.tracing.processor.v1.otlp type=io.containerd.tracing.processor.v1
time="2026-07-16T20:34:30.093508929Z" level=info msg="skip loading plugin" error="skip plugin: tracing endpoint not configured" id=io.containerd.tracing.processor.v1.otlp type=io.containerd.tracing.processor.v1
time="2026-07-16T20:34:30.093525450Z" level=info msg="loading plugin" id=io.containerd.internal.v1.tracing type=io.containerd.internal.v1
time="2026-07-16T20:34:30.093539126Z" level=info msg="skip loading plugin" error="skip plugin: tracing endpoint not configured" id=io.containerd.internal.v1.tracing type=io.containerd.internal.v1
time="2026-07-16T20:34:30.093551479Z" level=info msg="loading plugin" id=io.containerd.ttrpc.v1.otelttrpc type=io.containerd.ttrpc.v1
time="2026-07-16T20:34:30.093566437Z" level=info msg="loading plugin" id=io.containerd.grpc.v1.healthcheck type=io.containerd.grpc.v1
time="2026-07-16T20:34:30.095457194Z" level=info msg=serving... address=/var/run/docker/containerd/containerd-debug.sock
time="2026-07-16T20:34:30.096361030Z" level=info msg=serving... address=/var/run/docker/containerd/containerd.sock.ttrpc
time="2026-07-16T20:34:30.096495481Z" level=info msg=serving... address=/var/run/docker/containerd/containerd.sock
time="2026-07-16T20:34:30.096529845Z" level=info msg="containerd successfully booted in 0.073927s"
time="2026-07-16T20:34:30.148026259Z" level=info msg="OTEL tracing is not configured, using no-op tracer provider"
time="2026-07-16T20:34:30.151526289Z" level=info msg="CDI directory does not exist, skipping" dir=/etc/cdi
time="2026-07-16T20:34:30.151552368Z" level=info msg="CDI directory does not exist, skipping" dir=/var/run/cdi
time="2026-07-16T20:34:30.735536773Z" level=info msg="Creating a containerd client" address=/var/run/docker/containerd/containerd.sock timeout=1m0s
time="2026-07-16T20:34:30.814125554Z" level=info msg="Loading containers: start."
time="2026-07-16T20:34:30.817729288Z" level=info msg="NRI is disabled"
time="2026-07-16T20:34:30.817753323Z" level=info msg="Starting daemon with containerd snapshotter integration enabled"
time="2026-07-16T20:34:30.882238743Z" level=info msg="Restoring containers: start."
time="2026-07-16T20:34:31.331444113Z" level=info msg="Deleting nftables IPv4 rules" error="exit status 1" output="Error: Could not process rule: No such file or directory\ndelete table ip docker-bridges"
time="2026-07-16T20:34:31.342710272Z" level=info msg="Deleting nftables IPv6 rules" error="exit status 1" output="Error: Could not process rule: No such file or directory\ndelete table ip6 docker-bridges"
time="2026-07-16T20:34:32.382686402Z" level=info msg="Loading containers: done."
time="2026-07-16T20:34:32.401176356Z" level=info msg="Docker daemon" commit=83bca512aa7ffc1bb4f37ce1107e0d3e3489ad43 containerd-snapshotter=true storage-driver=overlayfs version=29.3.0-1
time="2026-07-16T20:34:32.401311318Z" level=info msg="Initializing buildkit"
time="2026-07-16T20:34:32.662303116Z" level=info msg="Completed buildkit initialization"
time="2026-07-16T20:34:32.666763688Z" level=info msg="Daemon has completed initialization"
time="2026-07-16T20:34:32.666820983Z" level=info msg="API listen on /var/run/docker.sock"
